
Symbol table '.symtab' contains 22 entries:
   Num:    Value  Size Type    Bind   Vis      Ndx Name
     0: 00000000     0 NOTYPE  LOCAL  DEFAULT  UND 
     1: 00000000     0 SECTION LOCAL  DEFAULT    1 
     2: 00000000     0 SECTION LOCAL  DEFAULT    2 
     3: 00000000     0 SECTION LOCAL  DEFAULT    3 
     4: 08017548     0 NOTYPE  LOCAL  DEFAULT  ABS GetWeaponType
     5: 00000003     0 NOTYPE  LOCAL  DEFAULT  ABS BonusWeaponType
     6: 00000003     0 NOTYPE  LOCAL  DEFAULT  ABS MaxRangeBonus
     7: 00000000     0 NOTYPE  LOCAL  DEFAULT    1 $t
     8: 0000000c     0 NOTYPE  LOCAL  DEFAULT    1 $d
     9: 0000000e     0 NOTYPE  LOCAL  DEFAULT    1 $t
    10: 00000030     0 NOTYPE  LOCAL  DEFAULT    1 End
    11: 0000001a     0 NOTYPE  LOCAL  DEFAULT    1 $d
    12: 0000001c     0 NOTYPE  LOCAL  DEFAULT    1 $t
    13: 00000022     0 NOTYPE  LOCAL  DEFAULT    1 RangeUpDisplay
    14: 0000002e     0 NOTYPE  LOCAL  DEFAULT    1 NotOverMax
    15: 00000038     0 NOTYPE  LOCAL  DEFAULT    1 $d
    16: 00000000     0 SECTION LOCAL  DEFAULT    6 
    17: 00000000     0 SECTION LOCAL  DEFAULT    8 
    18: 00000000     0 SECTION LOCAL  DEFAULT    4 
    19: 00000000     0 SECTION LOCAL  DEFAULT   11 
    20: 00000000     0 SECTION LOCAL  DEFAULT    9 
    21: 00000000     0 SECTION LOCAL  DEFAULT   12 
